<?xml version="1.0" encoding="UTF-8"?>
<!-- Generated by org.testng.reporters.JUnitXMLReporter -->
<testsuite hostname="DESKTOP-954JE1L" ignored="0" name="Default test" tests="3" failures="0" timestamp="2020-05-21T22:35:10 CDT" time="32.223" errors="0">
  <testcase name="logoValidation" time="3.089" classname="class1_Intro_and_TestNG_Annotations.TestLogoAndLoginValidation"/>
  <testcase name="titleValidation" time="3.01" classname="class1_Intro_and_TestNG_Annotations.TestLogoAndLoginValidation"/>
  <testcase name="validLogin" time="5.132" classname="class1_Intro_and_TestNG_Annotations.TestLogoAndLoginValidation"/>
</testsuite> <!-- Default test -->
