<?xml version="1.0" encoding="UTF-8"?>
<testng-results skipped="0" failed="0" ignored="0" total="3" passed="3">
  <reporter-output>
  </reporter-output>
  <suite name="Default suite" duration-ms="32223" started-at="2020-05-21T22:34:38 CDT" finished-at="2020-05-21T22:35:10 CDT">
    <groups>
    </groups>
    <test name="Default test" duration-ms="32223" started-at="2020-05-21T22:34:38 CDT" finished-at="2020-05-21T22:35:10 CDT">
      <class name="class1_Intro_and_TestNG_Annotations.TestLogoAndLoginValidation">
        <test-method status="PASS" signature="openAndNavigate()[pri:0, instance:class1_Intro_and_TestNG_Annotations.TestLogoAndLoginValidation@6ebc05a6]" name="openAndNavigate" is-config="true" duration-ms="7323" started-at="2020-05-21T22:34:38 CDT" finished-at="2020-05-21T22:34:45 CDT">
          <reporter-output>
          </reporter-output>
        </test-method> <!-- openAndNavigate -->
        <test-method status="PASS" signature="logoValidation()[pri:0, instance:class1_Intro_and_TestNG_Annotations.TestLogoAndLoginValidation@6ebc05a6]" name="logoValidation" duration-ms="3089" started-at="2020-05-21T22:34:45 CDT" finished-at="2020-05-21T22:34:48 CDT">
          <reporter-output>
          </reporter-output>
        </test-method> <!-- logoValidation -->
        <test-method status="PASS" signature="quitBrowser()[pri:0, instance:class1_Intro_and_TestNG_Annotations.TestLogoAndLoginValidation@6ebc05a6]" name="quitBrowser" is-config="true" duration-ms="615" started-at="2020-05-21T22:34:48 CDT" finished-at="2020-05-21T22:34:49 CDT">
          <reporter-output>
          </reporter-output>
        </test-method> <!-- quitBrowser -->
        <test-method status="PASS" signature="openAndNavigate()[pri:0, instance:class1_Intro_and_TestNG_Annotations.TestLogoAndLoginValidation@6ebc05a6]" name="openAndNavigate" is-config="true" duration-ms="5812" started-at="2020-05-21T22:34:49 CDT" finished-at="2020-05-21T22:34:54 CDT">
          <reporter-output>
          </reporter-output>
        </test-method> <!-- openAndNavigate -->
        <test-method status="PASS" signature="titleValidation()[pri:0, instance:class1_Intro_and_TestNG_Annotations.TestLogoAndLoginValidation@6ebc05a6]" name="titleValidation" duration-ms="3010" started-at="2020-05-21T22:34:54 CDT" finished-at="2020-05-21T22:34:57 CDT">
          <reporter-output>
          </reporter-output>
        </test-method> <!-- titleValidation -->
        <test-method status="PASS" signature="quitBrowser()[pri:0, instance:class1_Intro_and_TestNG_Annotations.TestLogoAndLoginValidation@6ebc05a6]" name="quitBrowser" is-config="true" duration-ms="608" started-at="2020-05-21T22:34:57 CDT" finished-at="2020-05-21T22:34:58 CDT">
          <reporter-output>
          </reporter-output>
        </test-method> <!-- quitBrowser -->
        <test-method status="PASS" signature="openAndNavigate()[pri:0, instance:class1_Intro_and_TestNG_Annotations.TestLogoAndLoginValidation@6ebc05a6]" name="openAndNavigate" is-config="true" duration-ms="5859" started-at="2020-05-21T22:34:58 CDT" finished-at="2020-05-21T22:35:04 CDT">
          <reporter-output>
          </reporter-output>
        </test-method> <!-- openAndNavigate -->
        <test-method status="PASS" signature="validLogin()[pri:0, instance:class1_Intro_and_TestNG_Annotations.TestLogoAndLoginValidation@6ebc05a6]" name="validLogin" duration-ms="5132" started-at="2020-05-21T22:35:04 CDT" finished-at="2020-05-21T22:35:09 CDT">
          <reporter-output>
          </reporter-output>
        </test-method> <!-- validLogin -->
        <test-method status="PASS" signature="quitBrowser()[pri:0, instance:class1_Intro_and_TestNG_Annotations.TestLogoAndLoginValidation@6ebc05a6]" name="quitBrowser" is-config="true" duration-ms="735" started-at="2020-05-21T22:35:09 CDT" finished-at="2020-05-21T22:35:10 CDT">
          <reporter-output>
          </reporter-output>
        </test-method> <!-- quitBrowser -->
      </class> <!-- class1_Intro_and_TestNG_Annotations.TestLogoAndLoginValidation -->
    </test> <!-- Default test -->
  </suite> <!-- Default suite -->
</testng-results>
